<?xml version="1.0" encoding="UTF-8"?>
<!-- Generated by org.testng.reporters.JUnitReportReporter -->
<testsuite hostname="DESKTOP-SLQOFR5" failures="0" tests="24" name="Ashke.Songs" time="175.049" errors="0" timestamp="2025-01-20T14:23:19 IST" skipped="0">
  <testcase classname="Ashke.Songs" name="SetUp" time="7.915"/>
  <testcase classname="Ashke.Songs" name="TestValidLogin" time="7.683"/>
  <testcase classname="Ashke.Songs" name="SongNavigation" time="2.807"/>
  <testcase classname="Ashke.Songs" name="SearchSong" time="10.288"/>
  <testcase classname="Ashke.Songs" name="CreateSong" time="4.072"/>
  <testcase classname="Ashke.Songs" name="UploadSong" time="20.252"/>
  <testcase classname="Ashke.Songs" name="EditSong" time="16.662"/>
  <testcase classname="Ashke.Songs" name="Backdrop" time="6.307"/>
  <testcase classname="Ashke.Songs" name="Poster" time="7.495"/>
  <testcase classname="Ashke.Songs" name="Logo" time="6.879"/>
  <testcase classname="Ashke.Songs" name="Banner" time="11.563"/>
  <testcase classname="Ashke.Songs" name="Trailer" time="15.695"/>
  <testcase classname="Ashke.Songs" name="ReleaseDate" time="3.276"/>
  <testcase classname="Ashke.Songs" name="AgeLimit" time="3.004"/>
  <testcase classname="Ashke.Songs" name="Genre" time="2.993"/>
  <testcase classname="Ashke.Songs" name="VideoQuality" time="3.566"/>
  <testcase classname="Ashke.Songs" name="AudioQuality" time="3.931"/>
  <testcase classname="Ashke.Songs" name="Language" time="2.139"/>
  <testcase classname="Ashke.Songs" name="Description" time="5.246"/>
  <testcase classname="Ashke.Songs" name="Country" time="2.456"/>
  <testcase classname="Ashke.Songs" name="SearchTag" time="9.582"/>
  <testcase classname="Ashke.Songs" name="Urls" time="8.067"/>
  <testcase classname="Ashke.Songs" name="CastnCrew" time="11.584"/>
  <testcase classname="Ashke.Songs" name="Save" time="1.587"/>
</testsuite> <!-- Ashke.Songs -->
