<?xml version="1.0" encoding="UTF-8"?>
<!-- Generated by org.testng.reporters.JUnitReportReporter -->
<testsuite hostname="DESKTOP-SLQOFR5" failures="0" tests="3" name="Ashke.upload" time="57.126" errors="0" timestamp="2025-01-20T12:44:27 IST" skipped="0">
  <testcase classname="Ashke.upload" name="SetUp" time="6.577"/>
  <testcase classname="Ashke.upload" name="TestValidLogin" time="6.621"/>
  <testcase classname="Ashke.upload" name="TestUploadForShortFilm" time="43.928"/>
</testsuite> <!-- Ashke.upload -->
