<?xml version="1.0" encoding="UTF-8"?>
<!-- Generated by org.testng.reporters.JUnitReportReporter -->
<testsuite hostname="DESKTOP-SLQOFR5" failures="0" tests="6" name="Ashke.trail" time="43.370" errors="0" timestamp="2025-01-20T16:03:57 IST" skipped="0">
  <testcase classname="Ashke.trail" name="SetUp" time="9.909"/>
  <testcase classname="Ashke.trail" name="TestValidLogin" time="9.421"/>
  <testcase classname="Ashke.trail" name="EditEpisode" time="5.818"/>
  <testcase classname="Ashke.trail" name="Publish" time="5.657"/>
  <testcase classname="Ashke.trail" name="CastnCrew" time="10.106"/>
  <testcase classname="Ashke.trail" name="Save" time="2.459"/>
</testsuite> <!-- Ashke.trail -->
