<?xml version="1.0" encoding="UTF-8"?>
<!-- Generated by org.testng.reporters.JUnitReportReporter -->
<testsuite hostname="DESKTOP-SLQOFR5" failures="0" tests="24" name="Ashke.ShortFilm" time="171.823" errors="0" timestamp="2025-01-20T14:47:17 IST" skipped="0">
  <testcase classname="Ashke.ShortFilm" name="SetUp" time="6.996"/>
  <testcase classname="Ashke.ShortFilm" name="TestValidLogin" time="7.646"/>
  <testcase classname="Ashke.ShortFilm" name="ShortFilmNavigation" time="2.745"/>
  <testcase classname="Ashke.ShortFilm" name="SearchShortFilm" time="10.010"/>
  <testcase classname="Ashke.ShortFilm" name="CreateShortFilm" time="3.920"/>
  <testcase classname="Ashke.ShortFilm" name="UploadShortMovie" time="22.335"/>
  <testcase classname="Ashke.ShortFilm" name="EditShortFilm" time="17.588"/>
  <testcase classname="Ashke.ShortFilm" name="Backdrop" time="6.155"/>
  <testcase classname="Ashke.ShortFilm" name="Poster" time="5.506"/>
  <testcase classname="Ashke.ShortFilm" name="Logo" time="7.257"/>
  <testcase classname="Ashke.ShortFilm" name="Banner" time="9.914"/>
  <testcase classname="Ashke.ShortFilm" name="Trailer" time="11.217"/>
  <testcase classname="Ashke.ShortFilm" name="ReleaseDate" time="3.331"/>
  <testcase classname="Ashke.ShortFilm" name="AgeLimit" time="2.964"/>
  <testcase classname="Ashke.ShortFilm" name="Genre" time="3.039"/>
  <testcase classname="Ashke.ShortFilm" name="VideoQuality" time="4.966"/>
  <testcase classname="Ashke.ShortFilm" name="AudioQuality" time="5.027"/>
  <testcase classname="Ashke.ShortFilm" name="Language" time="2.891"/>
  <testcase classname="Ashke.ShortFilm" name="Description" time="4.705"/>
  <testcase classname="Ashke.ShortFilm" name="Country" time="3.562"/>
  <testcase classname="Ashke.ShortFilm" name="SearchTag" time="9.258"/>
  <testcase classname="Ashke.ShortFilm" name="Urls" time="7.351"/>
  <testcase classname="Ashke.ShortFilm" name="CastnCrew" time="11.823"/>
  <testcase classname="Ashke.ShortFilm" name="Save" time="1.617"/>
</testsuite> <!-- Ashke.ShortFilm -->
