<?xml version="1.0" encoding="UTF-8"?>
<!-- Generated by org.testng.reporters.JUnitReportReporter -->
<testsuite hostname="DESKTOP-SLQOFR5" failures="0" tests="5" name="Ashke.Genre" time="28.196" errors="0" timestamp="2025-01-20T17:59:48 IST" skipped="0">
  <testcase classname="Ashke.Genre" name="SetUp" time="8.601"/>
  <testcase classname="Ashke.Genre" name="TestValidLogin" time="6.849"/>
  <testcase classname="Ashke.Genre" name="GenreNavigation" time="2.196"/>
  <testcase classname="Ashke.Genre" name="Search" time="4.672"/>
  <testcase classname="Ashke.Genre" name="CreateGenre" time="5.878"/>
</testsuite> <!-- Ashke.Genre -->
