<?xml version="1.0" encoding="UTF-8"?>
<!-- Generated by org.testng.reporters.JUnitReportReporter -->
<testsuite hostname="DESKTOP-SLQOFR5" failures="0" tests="4" name="Ashke.UploadHistory" time="23.011" errors="0" timestamp="2025-01-20T18:00:36 IST" skipped="0">
  <testcase classname="Ashke.UploadHistory" name="SetUp" time="9.488"/>
  <testcase classname="Ashke.UploadHistory" name="TestValidLogin" time="6.744"/>
  <testcase classname="Ashke.UploadHistory" name="UploadHistoryNavigation" time="2.327"/>
  <testcase classname="Ashke.UploadHistory" name="Filter" time="4.452"/>
</testsuite> <!-- Ashke.UploadHistory -->
