<?xml version="1.0" encoding="UTF-8"?>
<!-- Generated by org.testng.reporters.JUnitReportReporter -->
<testsuite hostname="DESKTOP-SLQOFR5" failures="0" tests="24" name="Ashke.Movies" time="170.551" errors="0" timestamp="2025-01-20T13:02:44 IST" skipped="0">
  <testcase classname="Ashke.Movies" name="SetUp" time="7.903"/>
  <testcase classname="Ashke.Movies" name="TestValidLogin" time="7.633"/>
  <testcase classname="Ashke.Movies" name="MovieNavigation" time="2.761"/>
  <testcase classname="Ashke.Movies" name="SearchMovie" time="9.752"/>
  <testcase classname="Ashke.Movies" name="CreateMovie" time="4.395"/>
  <testcase classname="Ashke.Movies" name="UploadMovie" time="19.781"/>
  <testcase classname="Ashke.Movies" name="EditMovie" time="17.576"/>
  <testcase classname="Ashke.Movies" name="Backdrop" time="6.212"/>
  <testcase classname="Ashke.Movies" name="Poster" time="5.970"/>
  <testcase classname="Ashke.Movies" name="Logo" time="7.285"/>
  <testcase classname="Ashke.Movies" name="Banner" time="10.410"/>
  <testcase classname="Ashke.Movies" name="Trailer" time="14.866"/>
  <testcase classname="Ashke.Movies" name="ReleaseDate" time="3.201"/>
  <testcase classname="Ashke.Movies" name="AgeLimit" time="2.886"/>
  <testcase classname="Ashke.Movies" name="Genre" time="2.374"/>
  <testcase classname="Ashke.Movies" name="VideoQuality" time="4.255"/>
  <testcase classname="Ashke.Movies" name="AudioQuality" time="4.356"/>
  <testcase classname="Ashke.Movies" name="Language" time="1.248"/>
  <testcase classname="Ashke.Movies" name="Description" time="4.425"/>
  <testcase classname="Ashke.Movies" name="Country" time="2.574"/>
  <testcase classname="Ashke.Movies" name="SearchTag" time="10.848"/>
  <testcase classname="Ashke.Movies" name="Urls" time="6.534"/>
  <testcase classname="Ashke.Movies" name="CastnCrew" time="11.733"/>
  <testcase classname="Ashke.Movies" name="Save" time="1.573"/>
</testsuite> <!-- Ashke.Movies -->
