<?xml version="1.0" encoding="UTF-8"?>
<!-- Generated by org.testng.reporters.JUnitReportReporter -->
<testsuite hostname="DESKTOP-SLQOFR5" failures="0" tests="29" name="Ashke.Series" time="184.740" errors="0" timestamp="2025-01-20T17:54:24 IST" skipped="0">
  <testcase classname="Ashke.Series" name="SetUp" time="7.273"/>
  <testcase classname="Ashke.Series" name="TestValidLogin" time="7.564"/>
  <testcase classname="Ashke.Series" name="SeriesNavigation" time="2.746"/>
  <testcase classname="Ashke.Series" name="SearchSeries" time="9.465"/>
  <testcase classname="Ashke.Series" name="CreateSeries" time="3.349"/>
  <testcase classname="Ashke.Series" name="TitleInfo" time="8.644"/>
  <testcase classname="Ashke.Series" name="Backdrop" time="4.446"/>
  <testcase classname="Ashke.Series" name="Poster" time="4.685"/>
  <testcase classname="Ashke.Series" name="Logo" time="5.123"/>
  <testcase classname="Ashke.Series" name="Banner" time="9.187"/>
  <testcase classname="Ashke.Series" name="Trailer" time="10.663"/>
  <testcase classname="Ashke.Series" name="metadata" time="8.245"/>
  <testcase classname="Ashke.Series" name="VideoQuality" time="4.503"/>
  <testcase classname="Ashke.Series" name="AudioQuality" time="5.072"/>
  <testcase classname="Ashke.Series" name="country" time="4.221"/>
  <testcase classname="Ashke.Series" name="Tag" time="8.332"/>
  <testcase classname="Ashke.Series" name="URL" time="3.599"/>
  <testcase classname="Ashke.Series" name="CastnCrew" time="12.810"/>
  <testcase classname="Ashke.Series" name="Seasons" time="3.917"/>
  <testcase classname="Ashke.Series" name="SeasonTitle" time="8.579"/>
  <testcase classname="Ashke.Series" name="Backdrop1" time="5.660"/>
  <testcase classname="Ashke.Series" name="Poster1" time="6.985"/>
  <testcase classname="Ashke.Series" name="Logo1" time="6.494"/>
  <testcase classname="Ashke.Series" name="Banner1" time="11.664"/>
  <testcase classname="Ashke.Series" name="Trailer1" time="5.885"/>
  <testcase classname="Ashke.Series" name="SeasonCastnCrew" time="3.333"/>
  <testcase classname="Ashke.Series" name="AddEpisodes" time="7.713"/>
  <testcase classname="Ashke.Series" name="Save" time="2.195"/>
  <testcase classname="Ashke.Series" name="Update" time="2.388"/>
</testsuite> <!-- Ashke.Series -->
