<?xml version="1.0" encoding="UTF-8"?>
<!-- Generated by org.testng.reporters.JUnitReportReporter -->
<testsuite hostname="DESKTOP-SLQOFR5" failures="0" tests="2" name="Ashke.Login" time="30.207" errors="0" timestamp="2025-01-20T11:20:24 IST" skipped="0">
  <testcase classname="Ashke.Login" name="testInvalidLogin" time="12.961"/>
  <testcase classname="Ashke.Login" name="testValidLogin" time="17.246"/>
</testsuite> <!-- Ashke.Login -->
