<?xml version="1.0" encoding="UTF-8"?>
<!-- Generated by org.testng.reporters.JUnitReportReporter -->
<testsuite hostname="DESKTOP-SLQOFR5" failures="0" tests="4" name="Random.Broadcaster" time="26.829" errors="0" timestamp="2025-01-17T10:07:29 IST" skipped="0">
  <testcase classname="Random.Broadcaster" name="SetUp" time="15.199"/>
  <testcase classname="Random.Broadcaster" name="content" time="4.663"/>
  <testcase classname="Random.Broadcaster" name="ADDNew" time="2.287"/>
  <testcase classname="Random.Broadcaster" name="Details" time="4.680"/>
</testsuite> <!-- Random.Broadcaster -->
