<?xml version="1.0" encoding="UTF-8"?>
<!-- Generated by org.testng.reporters.JUnitReportReporter -->
<testsuite hostname="DESKTOP-SLQOFR5" failures="0" tests="19" name="Ashke.Episode" time="178.131" errors="0" timestamp="2025-01-20T17:47:40 IST" skipped="0">
  <testcase classname="Ashke.Episode" name="SetUp" time="10.857"/>
  <testcase classname="Ashke.Episode" name="TestValidLogin" time="9.663"/>
  <testcase classname="Ashke.Episode" name="EpisodeNavigation" time="2.807"/>
  <testcase classname="Ashke.Episode" name="SearchEpisode" time="9.616"/>
  <testcase classname="Ashke.Episode" name="CreateSeries" time="4.133"/>
  <testcase classname="Ashke.Episode" name="UploadSeries" time="22.655"/>
  <testcase classname="Ashke.Episode" name="EditEpisode" time="12.817"/>
  <testcase classname="Ashke.Episode" name="MetaData" time="5.879"/>
  <testcase classname="Ashke.Episode" name="VideoQuality" time="5.603"/>
  <testcase classname="Ashke.Episode" name="AudioQuality" time="14.860"/>
  <testcase classname="Ashke.Episode" name="Backdrop" time="6.781"/>
  <testcase classname="Ashke.Episode" name="Poster" time="7.822"/>
  <testcase classname="Ashke.Episode" name="Logo" time="8.316"/>
  <testcase classname="Ashke.Episode" name="Banner" time="12.402"/>
  <testcase classname="Ashke.Episode" name="Trailer" time="21.556"/>
  <testcase classname="Ashke.Episode" name="Urls" time="7.093"/>
  <testcase classname="Ashke.Episode" name="CastnCrew" time="10.802"/>
  <testcase classname="Ashke.Episode" name="Publish" time="2.852"/>
  <testcase classname="Ashke.Episode" name="Save" time="1.617"/>
</testsuite> <!-- Ashke.Episode -->
