<?xml version="1.0" encoding="UTF-8"?>
<!-- Generated by org.testng.reporters.JUnitReportReporter -->
<testsuite hostname="DESKTOP-SLQOFR5" failures="0" tests="5" name="Ashke.AdvisoryTag" time="26.665" errors="0" timestamp="2025-01-20T17:56:34 IST" skipped="0">
  <testcase classname="Ashke.AdvisoryTag" name="SetUp" time="7.376"/>
  <testcase classname="Ashke.AdvisoryTag" name="TestValidLogin" time="6.711"/>
  <testcase classname="Ashke.AdvisoryTag" name="AdvisoryTagNavigation" time="2.203"/>
  <testcase classname="Ashke.AdvisoryTag" name="Search" time="5.058"/>
  <testcase classname="Ashke.AdvisoryTag" name="CreateAdvisoryTag" time="5.317"/>
</testsuite> <!-- Ashke.AdvisoryTag -->
