<?xml version="1.0" encoding="UTF-8"?>
<!-- Generated by org.testng.reporters.JUnitReportReporter -->
<testsuite hostname="DESKTOP-SLQOFR5" failures="0" tests="6" name="Ashke.Contributors" time="39.879" errors="0" timestamp="2025-01-20T17:55:43 IST" skipped="0">
  <testcase classname="Ashke.Contributors" name="SetUp" time="9.921"/>
  <testcase classname="Ashke.Contributors" name="TestValidLogin" time="7.043"/>
  <testcase classname="Ashke.Contributors" name="ContributorsNavigation" time="2.361"/>
  <testcase classname="Ashke.Contributors" name="Search" time="4.267"/>
  <testcase classname="Ashke.Contributors" name="Filter" time="3.510"/>
  <testcase classname="Ashke.Contributors" name="AddContributors" time="12.777"/>
</testsuite> <!-- Ashke.Contributors -->
